{
  "RSpec": {
    "coverage": {
      "/home/wesley/Documentos/Estudos/ruby/ruby_on_rails/webscrapper/app/helpers/application_helper.rb": {
        "lines": [
          1,
          null
        ]
      },
      "/home/wesley/Documentos/Estudos/ruby/ruby_on_rails/webscrapper/app/helpers/profiles_helper.rb": {
        "lines": [
          1,
          null
        ]
      },
      "/home/wesley/Documentos/Estudos/ruby/ruby_on_rails/webscrapper/app/controllers/home_controller.rb": {
        "lines": [
          1,
          1,
          null
        ]
      },
      "/home/wesley/Documentos/Estudos/ruby/ruby_on_rails/webscrapper/app/controllers/application_controller.rb": {
        "lines": [
          1,
          null
        ]
      },
      "/home/wesley/Documentos/Estudos/ruby/ruby_on_rails/webscrapper/app/controllers/profiles_controller.rb": {
        "lines": [
          1,
          1,
          null,
          null,
          1,
          1,
          null,
          null,
          null,
          1,
          null,
          null,
          null,
          1,
          1,
          null,
          null,
          null,
          1,
          null,
          null,
          null,
          1,
          3,
          null,
          3,
          3,
          2,
          null,
          1,
          null,
          2,
          4,
          null,
          null,
          null,
          null,
          null,
          null,
          1,
          3,
          3,
          2,
          1,
          null,
          4,
          2,
          null,
          null,
          null,
          null,
          null,
          1,
          1,
          null,
          1,
          2,
          1,
          null,
          null,
          null,
          1,
          0,
          0,
          null,
          null,
          1,
          null,
          1,
          5,
          null,
          null,
          null,
          1,
          6,
          null,
          null
        ]
      },
      "/home/wesley/Documentos/Estudos/ruby/ruby_on_rails/webscrapper/app/controllers/search_controller.rb": {
        "lines": [
          1,
          1,
          5,
          null,
          null
        ]
      },
      "/home/wesley/Documentos/Estudos/ruby/ruby_on_rails/webscrapper/app/models/profile.rb": {
        "lines": [
          1,
          null,
          1,
          1,
          1,
          null,
          1,
          6,
          null,
          null,
          null,
          1,
          null,
          1,
          59,
          null,
          40,
          null,
          null,
          1,
          59,
          59,
          null,
          1,
          null,
          null,
          null
        ]
      },
      "/home/wesley/Documentos/Estudos/ruby/ruby_on_rails/webscrapper/app/models/application_record.rb": {
        "lines": [
          1,
          1,
          null
        ]
      },
      "/home/wesley/Documentos/Estudos/ruby/ruby_on_rails/webscrapper/app/services/fetch_profile_extra_data_service.rb": {
        "lines": [
          1,
          null,
          1,
          1,
          1,
          null,
          null,
          1,
          1,
          null,
          null,
          1,
          1,
          null,
          null,
          1,
          null,
          1,
          1,
          1,
          1,
          1,
          1,
          1,
          1,
          1,
          1,
          1,
          null,
          null,
          1,
          1,
          1,
          null,
          null,
          1,
          1,
          1,
          null,
          null,
          1,
          1,
          1,
          null,
          null,
          1,
          1,
          1,
          null,
          null,
          1,
          1,
          1,
          null,
          null,
          1,
          1,
          1,
          null,
          1,
          null,
          null,
          1,
          1,
          1,
          null,
          1,
          null,
          null
        ]
      }
    },
    "timestamp": 1724281286
  }
}
